<?xml version="1.0" encoding="UTF-8"?>
<!-- Generated by org.testng.reporters.JUnitReportReporter -->
<testsuite hostname="NODE196" name="com.spring.javabrains.TestBaseClass" tests="1" failures="0" timestamp="14 Jul 2015 10:25:51 GMT" time="0.000" errors="0">
  <testcase name="testgetEnvDetails" time="0.000" classname="com.spring.javabrains.TestBaseClass"/>
</testsuite> <!-- com.spring.javabrains.TestBaseClass -->
